Name:                        DOSIMG
Encryption:     disabled
Groups:                      /
Guest OS:                    DOS
UUID:                        e7bab142-3d8f-4089-9474-8a73024abf91
Config file:                 C:\DOSBUILD\virtualbox\DOSIMG\DOSIMG.vbox
Snapshot folder:             C:\DOSBUILD\virtualbox\DOSIMG\Snapshots
Log folder:                  C:\DOSBUILD\virtualbox\DOSIMG\Logs
Hardware UUID:               e7bab142-3d8f-4089-9474-8a73024abf91
Memory size:                 32MB
Page Fusion:                 disabled
VRAM size:                   9MB
CPU exec cap:                100%
HPET:                        disabled
CPUProfile:                  host
Chipset:                     piix3
Firmware:                    BIOS
Number of CPUs:              1
PAE:                         disabled
Long Mode:                   disabled
Triple Fault Reset:          disabled
APIC:                        enabled
X2APIC:                      disabled
Nested VT-x/AMD-V:           disabled
CPUID Portability Level:     0
CPUID overrides:             None
Boot menu mode:              message and menu
Boot Device 1:               Floppy
Boot Device 2:               Not Assigned
Boot Device 3:               Not Assigned
Boot Device 4:               Not Assigned
ACPI:                        enabled
IOAPIC:                      disabled
BIOS APIC mode:              APIC
Time offset:                 0ms
BIOS NVRAM File:             C:\DOSBUILD\virtualbox\DOSIMG\DOSIMG.nvram
RTC:                         local time
Hardware Virtualization:     enabled
Nested Paging:               enabled
Large Pages:                 enabled
VT-x VPID:                   enabled
VT-x Unrestricted Exec.:     enabled
AMD-V Virt. Vmsave/Vmload:   enabled
IOMMU:                       None
Paravirt. Provider:          Default
Effective Paravirt. Prov.:   None
State:                       running (since 2024-04-18T11:20:28.134000000)
Graphics Controller:         VBoxVGA
Monitor count:               1
3D Acceleration:             disabled
2D Video Acceleration:       disabled
Teleporter Enabled:          disabled
Teleporter Port:             0
Teleporter Address:          
Teleporter Password:         
Tracing Enabled:             disabled
Allow Tracing to Access VM:  disabled
Tracing Configuration:       
Autostart Enabled:           disabled
Autostart Delay:             0
Default Frontend:            
VM process priority:         default
Storage Controllers:
#0: 'Floppy', Type: I82078, Instance: 0, Ports: 1 (max 1), Bootable
  Port 0, Unit 0: UUID: 9cba2a7f-4cbb-4eb9-bff1-480a97993730
    Location: "C:\DOSBUILD\output\main.img"
#1: 'IDE', Type: PIIX4, Instance: 0, Ports: 2 (max 2), Bootable
  Port 1, Unit 0: Empty
NIC 1:                       MAC: 08002776F09D, Attachment: NAT, Cable connected: on, Trace: off (file: none), Type: Am79C973, Reported speed: 0 Mbps, Boot priority: 0, Promisc Policy: deny, Bandwidth group: none
NIC 1 Settings:  MTU: 0, Socket (send: 64, receive: 64), TCP Window (send:64, receive: 64)
NIC 2:                       disabled
NIC 3:                       disabled
NIC 4:                       disabled
NIC 5:                       disabled
NIC 6:                       disabled
NIC 7:                       disabled
NIC 8:                       disabled
Pointing Device:             PS/2 Mouse
Keyboard Device:             PS/2 Keyboard
UART 1:                      I/O base: 0x03f8, IRQ: 4, disconnected, 16550A
UART 2:                      disabled
UART 3:                      disabled
UART 4:                      disabled
LPT 1:                       disabled
LPT 2:                       disabled
Audio:                       enabled (Driver: Default, Controller: SB16, Codec: SB16)
Audio playback:              enabled
Audio capture:               disabled
Clipboard Mode:              disabled
Drag and drop Mode:          disabled
Session name:                GUI/Qt
Video mode:                  720x400x0 at 0,0 enabled
VRDE:                        disabled
OHCI USB:                    disabled
EHCI USB:                    disabled
xHCI USB:                    disabled
USB Device Filters:          <none>
Available remote USB devices: <none>
Currently attached USB devices: <none>
Bandwidth groups:            <none>
Shared folders:              <none>
VRDE Connection:             not active
Clients so far:              0
Recording enabled:           no
Recording screens:           1
 Screen 0:
    Enabled:                 yes
    ID:                      0
    Record video:            yes
    Record audio:            no
    Destination:             File
    File:                    C:\DOSBUILD\virtualbox\DOSIMG\DOSIMG-screen0.webm
    Options:                 vc_enabled=true,ac_enabled=false,ac_profile=med
    Video dimensions:        1024x768
    Video rate:              512kbps
    Video FPS:               25fps
* Guest:
Configured memory balloon:   0MB
OS type:                     DOS
Additions run level:         0
Guest Facilities:            <none>

